<?xml version="1.0" encoding="UTF-8"?>
<!-- Generated by org.testng.reporters.JUnitXMLReporter -->
<testsuite hostname="DESKTOP-7F87TLR" ignored="0" name="ChromeTest" tests="1" failures="1" timestamp="2020-06-29T19:21:42 EEST" time="16.508" errors="0">
  <testcase name="canCheckTotalPriceForTShirt" time="0.002" classname="online.qastudy.automationpractice.ShopTest">
    <failure type="java.lang.NullPointerException">
      <![CDATA[java.lang.NullPointerException
at org.openqa.selenium.support.pagefactory.DefaultElementLocator.findElement(DefaultElementLocator.java:69)
at org.openqa.selenium.support.pagefactory.internal.LocatingElementHandler.invoke(LocatingElementHandler.java:38)
at com.sun.proxy.$Proxy9.click(Unknown Source)
at online.qastudy.pages.MainPage.clickTShirtTab(MainPage.java:74)
at online.qastudy.automationpractice.ShopTest.canCheckTotalPriceForTShirt(ShopTest.java:21)
at java.util.concurrent.ThreadPoolExecutor.runWorker(ThreadPoolExecutor.java:1149)
at java.util.concurrent.ThreadPoolExecutor$Worker.run(ThreadPoolExecutor.java:624)
at java.lang.Thread.run(Thread.java:748)
... Removed 10 stack frames]]>
    </failure>
  </testcase> <!-- canCheckTotalPriceForTShirt -->
</testsuite> <!-- ChromeTest -->
