<?xml version="1.0" encoding="UTF-8"?>
<testng-results skipped="0" failed="0" ignored="0" total="4" passed="4">
  <reporter-output>
  </reporter-output>
  <suite name="CrossBrowserTest" duration-ms="89579" started-at="2020-10-08T21:55:10 EEST" finished-at="2020-10-08T21:56:40 EEST">
    <groups>
    </groups>
    <test name="ChromeTest" duration-ms="89579" started-at="2020-10-08T21:55:10 EEST" finished-at="2020-10-08T21:56:40 EEST">
      <class name="online.qastudy.automationpractice.RegistrationTest">
        <test-method status="PASS" signature="setup(java.lang.String)[pri:0, instance:online.qastudy.automationpractice.RegistrationTest@45cff11c]" name="setup" is-config="true" duration-ms="12703" started-at="2020-10-08T21:55:10 EEST" finished-at="2020-10-08T21:55:23 EEST">
          <params>
            <param index="0">
              <value>
                <![CDATA[chrome]]>
              </value>
            </param>
          </params>
          <reporter-output>
          </reporter-output>
        </test-method> <!-- setup -->
        <test-method status="PASS" signature="setupAccount()[pri:0, instance:online.qastudy.automationpractice.RegistrationTest@45cff11c]" name="setupAccount" is-config="true" duration-ms="217" started-at="2020-10-08T21:55:23 EEST" finished-at="2020-10-08T21:55:24 EEST">
          <reporter-output>
          </reporter-output>
        </test-method> <!-- setupAccount -->
        <test-method status="PASS" signature="canCreateNewAccount()[pri:0, instance:online.qastudy.automationpractice.RegistrationTest@45cff11c]" name="canCreateNewAccount" duration-ms="11467" started-at="2020-10-08T21:55:24 EEST" finished-at="2020-10-08T21:55:35 EEST">
          <reporter-output>
          </reporter-output>
        </test-method> <!-- canCreateNewAccount -->
        <test-method status="PASS" signature="closeDown(org.testng.ITestResult)[pri:0, instance:online.qastudy.automationpractice.RegistrationTest@45cff11c]" name="closeDown" is-config="true" duration-ms="288" started-at="2020-10-08T21:55:35 EEST" finished-at="2020-10-08T21:55:35 EEST">
          <params>
            <param index="0">
              <value>
                <![CDATA[[TestResult name=canCreateNewAccount status=SUCCESS method=RegistrationTest.canCreateNewAccount()[pri:0, instance:online.qastudy.automationpractice.RegistrationTest@45cff11c] output={null}]]]>
              </value>
            </param>
          </params>
          <reporter-output>
          </reporter-output>
        </test-method> <!-- closeDown -->
        <test-method status="PASS" signature="setup(java.lang.String)[pri:0, instance:online.qastudy.automationpractice.RegistrationTest@45cff11c]" name="setup" is-config="true" duration-ms="12700" started-at="2020-10-08T21:55:35 EEST" finished-at="2020-10-08T21:55:48 EEST">
          <params>
            <param index="0">
              <value>
                <![CDATA[chrome]]>
              </value>
            </param>
          </params>
          <reporter-output>
          </reporter-output>
        </test-method> <!-- setup -->
        <test-method status="PASS" signature="setupAccount()[pri:0, instance:online.qastudy.automationpractice.RegistrationTest@45cff11c]" name="setupAccount" is-config="true" duration-ms="1" started-at="2020-10-08T21:55:48 EEST" finished-at="2020-10-08T21:55:48 EEST">
          <reporter-output>
          </reporter-output>
        </test-method> <!-- setupAccount -->
        <test-method status="PASS" signature="canCreateNewAccountChain(online.qastudy.model.Account)[pri:0, instance:online.qastudy.automationpractice.RegistrationTest@45cff11c]" name="canCreateNewAccountChain" duration-ms="10999" started-at="2020-10-08T21:55:48 EEST" data-provider="registerNewUser" finished-at="2020-10-08T21:55:59 EEST">
          <params>
            <param index="0">
              <value>
                <![CDATA[online.qastudy.model.Account@6b27b2d0]]>
              </value>
            </param>
          </params>
          <reporter-output>
          </reporter-output>
        </test-method> <!-- canCreateNewAccountChain -->
        <test-method status="PASS" signature="closeDown(org.testng.ITestResult)[pri:0, instance:online.qastudy.automationpractice.RegistrationTest@45cff11c]" name="closeDown" is-config="true" duration-ms="247" started-at="2020-10-08T21:55:59 EEST" finished-at="2020-10-08T21:55:59 EEST">
          <params>
            <param index="0">
              <value>
                <![CDATA[[TestResult name=canCreateNewAccountChain status=SUCCESS method=RegistrationTest.canCreateNewAccountChain(online.qastudy.model.Account)[pri:0, instance:online.qastudy.automationpractice.RegistrationTest@45cff11c] output={null}]]]>
              </value>
            </param>
          </params>
          <reporter-output>
          </reporter-output>
        </test-method> <!-- closeDown -->
        <test-method status="PASS" signature="setup(java.lang.String)[pri:0, instance:online.qastudy.automationpractice.RegistrationTest@45cff11c]" name="setup" is-config="true" duration-ms="10837" started-at="2020-10-08T21:55:59 EEST" finished-at="2020-10-08T21:56:10 EEST">
          <params>
            <param index="0">
              <value>
                <![CDATA[chrome]]>
              </value>
            </param>
          </params>
          <reporter-output>
          </reporter-output>
        </test-method> <!-- setup -->
        <test-method status="PASS" signature="setupAccount()[pri:0, instance:online.qastudy.automationpractice.RegistrationTest@45cff11c]" name="setupAccount" is-config="true" duration-ms="1" started-at="2020-10-08T21:56:10 EEST" finished-at="2020-10-08T21:56:10 EEST">
          <reporter-output>
          </reporter-output>
        </test-method> <!-- setupAccount -->
        <test-method status="PASS" signature="canCreateNewAccountChain(online.qastudy.model.Account)[pri:0, instance:online.qastudy.automationpractice.RegistrationTest@45cff11c]" name="canCreateNewAccountChain" duration-ms="7425" started-at="2020-10-08T21:56:10 EEST" data-provider="registerNewUser" finished-at="2020-10-08T21:56:18 EEST">
          <params>
            <param index="0">
              <value>
                <![CDATA[online.qastudy.model.Account@1eb9bf60]]>
              </value>
            </param>
          </params>
          <reporter-output>
          </reporter-output>
        </test-method> <!-- canCreateNewAccountChain -->
        <test-method status="PASS" signature="closeDown(org.testng.ITestResult)[pri:0, instance:online.qastudy.automationpractice.RegistrationTest@45cff11c]" name="closeDown" is-config="true" duration-ms="291" started-at="2020-10-08T21:56:18 EEST" finished-at="2020-10-08T21:56:18 EEST">
          <params>
            <param index="0">
              <value>
                <![CDATA[[TestResult name=canCreateNewAccountChain status=SUCCESS method=RegistrationTest.canCreateNewAccountChain(online.qastudy.model.Account)[pri:0, instance:online.qastudy.automationpractice.RegistrationTest@45cff11c] output={null}]]]>
              </value>
            </param>
          </params>
          <reporter-output>
          </reporter-output>
        </test-method> <!-- closeDown -->
        <test-method status="PASS" signature="setup(java.lang.String)[pri:0, instance:online.qastudy.automationpractice.RegistrationTest@45cff11c]" name="setup" is-config="true" duration-ms="10895" started-at="2020-10-08T21:56:18 EEST" finished-at="2020-10-08T21:56:29 EEST">
          <params>
            <param index="0">
              <value>
                <![CDATA[chrome]]>
              </value>
            </param>
          </params>
          <reporter-output>
          </reporter-output>
        </test-method> <!-- setup -->
        <test-method status="PASS" signature="setupAccount()[pri:0, instance:online.qastudy.automationpractice.RegistrationTest@45cff11c]" name="setupAccount" is-config="true" duration-ms="3" started-at="2020-10-08T21:56:29 EEST" finished-at="2020-10-08T21:56:29 EEST">
          <reporter-output>
          </reporter-output>
        </test-method> <!-- setupAccount -->
        <test-method status="PASS" signature="canCreateNewAccountChain(online.qastudy.model.Account)[pri:0, instance:online.qastudy.automationpractice.RegistrationTest@45cff11c]" name="canCreateNewAccountChain" duration-ms="10569" started-at="2020-10-08T21:56:29 EEST" data-provider="registerNewUser" finished-at="2020-10-08T21:56:39 EEST">
          <params>
            <param index="0">
              <value>
                <![CDATA[online.qastudy.model.Account@50dc49e1]]>
              </value>
            </param>
          </params>
          <reporter-output>
          </reporter-output>
        </test-method> <!-- canCreateNewAccountChain -->
        <test-method status="PASS" signature="closeDown(org.testng.ITestResult)[pri:0, instance:online.qastudy.automationpractice.RegistrationTest@45cff11c]" name="closeDown" is-config="true" duration-ms="438" started-at="2020-10-08T21:56:39 EEST" finished-at="2020-10-08T21:56:40 EEST">
          <params>
            <param index="0">
              <value>
                <![CDATA[[TestResult name=canCreateNewAccountChain status=SUCCESS method=RegistrationTest.canCreateNewAccountChain(online.qastudy.model.Account)[pri:0, instance:online.qastudy.automationpractice.RegistrationTest@45cff11c] output={null}]]]>
              </value>
            </param>
          </params>
          <reporter-output>
          </reporter-output>
        </test-method> <!-- closeDown -->
      </class> <!-- online.qastudy.automationpractice.RegistrationTest -->
    </test> <!-- ChromeTest -->
  </suite> <!-- CrossBrowserTest -->
</testng-results>
