<?xml version="1.0" encoding="UTF-8"?>
<testsuite xmlns:xsi="http://www.w3.org/2001/XMLSchema-instance" xsi:schemaLocation="https://maven.apache.org/surefire/maven-surefire-plugin/xsd/surefire-test-report.xsd" name="TestSuite" time="132.657" tests="5" errors="0" skipped="0" failures="0">
  <properties>
[...]
</properties>
  <testcase name="canCheckTotlaPriceForTShirt" classname="online.qastudy.automationpractice.ShopTest" time="4.453"/>
  <testcase name="canCreateNewAccount" classname="online.qastudy.automationpractice.RegistrationTest" time="10.142"/>
  <testcase name="canCreateNewAccountChain" classname="online.qastudy.automationpractice.RegistrationTest" time="8.237"/>
  <testcase name="canCreateNewAccountChain" classname="online.qastudy.automationpractice.RegistrationTest" time="9.6"/>
  <testcase name="canCreateNewAccountChain" classname="online.qastudy.automationpractice.RegistrationTest" time="7.908"/>
</testsuite>