<?xml version="1.0" encoding="UTF-8"?>
<testsuite xmlns:xsi="http://www.w3.org/2001/XMLSchema-instance" xsi:noNamespaceSchemaLocation="https://maven.apache.org/surefire/maven-surefire-plugin/xsd/surefire-test-report-3.0.xsd" version="3.0" name="TestSuite" time="36.401" tests="2" errors="0" skipped="0" failures="2">
  <properties>
[...]
</properties>
  <testcase name="canCheckTotalPriceForTShirt" classname="online.qastudy.automationpractice.ShopTest" time="0.003">
    <failure type="java.lang.NullPointerException"><![CDATA[java.lang.NullPointerException
	at online.qastudy.automationpractice.ShopTest.canCheckTotalPriceForTShirt(ShopTest.java:21)
]]></failure>
    <system-out><![CDATA[[TestNGContentHandler] [WARN] It is strongly recommended to add "<!DOCTYPE suite SYSTEM "http://testng.org/testng-1.0.dtd" >" at the top of your file, otherwise TestNG may fail or not work as expected.
]]></system-out>
    <system-err><![CDATA[SLF4J: Failed to load class "org.slf4j.impl.StaticLoggerBinder".
SLF4J: Defaulting to no-operation (NOP) logger implementation
SLF4J: See http://www.slf4j.org/codes.html#StaticLoggerBinder for further details.
Starting ChromeDriver 83.0.4103.39 (ccbf011cb2d2b19b506d844400483861342c20cd-refs/branch-heads/4103@{#416}) on port 24784
Only local connections are allowed.
Please see https://chromedriver.chromium.org/security-considerations for suggestions on keeping ChromeDriver safe.
ChromeDriver was started successfully.
Jun 29, 2020 7:21:31 PM org.openqa.selenium.remote.ProtocolHandshake createSession
INFO: Detected dialect: W3C
]]></system-err>
  </testcase>
  <testcase name="canCheckTotalPriceForTShirt" classname="online.qastudy.automationpractice.ShopTest" time="0">
    <failure type="java.lang.NullPointerException"><![CDATA[java.lang.NullPointerException
	at online.qastudy.automationpractice.ShopTest.canCheckTotalPriceForTShirt(ShopTest.java:21)
]]></failure>
    <system-err><![CDATA[1593447703768	mozrunner::runner	INFO	Running command: "C:\\Program Files\\Mozilla Firefox\\firefox.exe" "-marionette" "-foreground" "-no-remote" "-profile" "C:\\Users\\egorm\\AppData\\Local\\Temp\\rust_mozprofilelJTh5H"
JavaScript error: resource://gre/modules/XULStore.jsm, line 66: Error: Can't find profile directory.
1593447709481	Marionette	INFO	Listening on port 23207
1593447709590	Marionette	WARN	TLS certificate errors will be ignored for this session
Jun 29, 2020 7:21:49 PM org.openqa.selenium.remote.ProtocolHandshake createSession
INFO: Detected dialect: W3C
JavaScript error: resource://gre/modules/URIFixup.jsm, line 203: NS_ERROR_FAILURE: Should pass a non-null uri
]]></system-err>
  </testcase>
</testsuite>