<?xml version="1.0" encoding="UTF-8"?>
<testng-results skipped="0" failed="2" ignored="0" total="2" passed="0">
  <reporter-output>
  </reporter-output>
  <suite name="CrossBrowserTest" duration-ms="34950" started-at="2020-06-29T19:21:25 EEST" finished-at="2020-06-29T19:22:00 EEST">
    <groups>
    </groups>
    <test name="ChromeTest" duration-ms="16508" started-at="2020-06-29T19:21:25 EEST" finished-at="2020-06-29T19:21:42 EEST">
      <class name="online.qastudy.automationpractice.ShopTest">
        <test-method status="PASS" signature="setupMainPage()[pri:0, instance:online.qastudy.automationpractice.ShopTest@6a4f787b]" name="setupMainPage" is-config="true" duration-ms="75" started-at="2020-06-29T19:21:25 EEST" finished-at="2020-06-29T19:21:25 EEST">
          <reporter-output>
          </reporter-output>
        </test-method> <!-- setupMainPage -->
        <test-method status="PASS" signature="setup(java.lang.String)[pri:0, instance:online.qastudy.automationpractice.ShopTest@6a4f787b]" name="setup" is-config="true" duration-ms="10833" started-at="2020-06-29T19:21:25 EEST" finished-at="2020-06-29T19:21:36 EEST">
          <params>
            <param index="0">
              <value>
                <![CDATA[chrome]]>
              </value>
            </param>
          </params>
          <reporter-output>
          </reporter-output>
        </test-method> <!-- setup -->
        <test-method status="FAIL" signature="canCheckTotalPriceForTShirt()[pri:0, instance:online.qastudy.automationpractice.ShopTest@6a4f787b]" name="canCheckTotalPriceForTShirt" duration-ms="2" started-at="2020-06-29T19:21:36 EEST" finished-at="2020-06-29T19:21:36 EEST">
          <exception class="java.lang.NullPointerException">
            <full-stacktrace>
              <![CDATA[java.lang.NullPointerException
at org.openqa.selenium.support.pagefactory.DefaultElementLocator.findElement(DefaultElementLocator.java:69)
at org.openqa.selenium.support.pagefactory.internal.LocatingElementHandler.invoke(LocatingElementHandler.java:38)
at com.sun.proxy.$Proxy9.click(Unknown Source)
at online.qastudy.pages.MainPage.clickTShirtTab(MainPage.java:74)
at online.qastudy.automationpractice.ShopTest.canCheckTotalPriceForTShirt(ShopTest.java:21)
at sun.reflect.NativeMethodAccessorImpl.invoke0(Native Method)
at sun.reflect.NativeMethodAccessorImpl.invoke(NativeMethodAccessorImpl.java:62)
at sun.reflect.DelegatingMethodAccessorImpl.invoke(DelegatingMethodAccessorImpl.java:43)
at java.lang.reflect.Method.invoke(Method.java:498)
at org.testng.internal.MethodInvocationHelper.invokeMethod(MethodInvocationHelper.java:131)
at org.testng.internal.Invoker.invokeMethod(Invoker.java:658)
at org.testng.internal.Invoker.invokeTestMethod(Invoker.java:792)
at org.testng.internal.Invoker.invokeTestMethods(Invoker.java:1103)
at org.testng.internal.TestMethodWorker.invokeTestMethods(TestMethodWorker.java:140)
at org.testng.internal.TestMethodWorker.run(TestMethodWorker.java:122)
at java.util.concurrent.ThreadPoolExecutor.runWorker(ThreadPoolExecutor.java:1149)
at java.util.concurrent.ThreadPoolExecutor$Worker.run(ThreadPoolExecutor.java:624)
at java.lang.Thread.run(Thread.java:748)
]]>
            </full-stacktrace>
          </exception> <!-- java.lang.NullPointerException -->
          <reporter-output>
          </reporter-output>
        </test-method> <!-- canCheckTotalPriceForTShirt -->
        <test-method status="PASS" signature="cleanup()[pri:0, instance:online.qastudy.automationpractice.ShopTest@6a4f787b]" name="cleanup" is-config="true" duration-ms="5508" started-at="2020-06-29T19:21:36 EEST" finished-at="2020-06-29T19:21:42 EEST">
          <reporter-output>
          </reporter-output>
        </test-method> <!-- cleanup -->
      </class> <!-- online.qastudy.automationpractice.ShopTest -->
    </test> <!-- ChromeTest -->
    <test name="FirefoxTest" duration-ms="18381" started-at="2020-06-29T19:21:42 EEST" finished-at="2020-06-29T19:22:00 EEST">
      <class name="online.qastudy.automationpractice.ShopTest">
        <test-method status="PASS" signature="setupMainPage()[pri:0, instance:online.qastudy.automationpractice.ShopTest@4f7d0008]" name="setupMainPage" is-config="true" duration-ms="2" started-at="2020-06-29T19:21:42 EEST" finished-at="2020-06-29T19:21:42 EEST">
          <reporter-output>
          </reporter-output>
        </test-method> <!-- setupMainPage -->
        <test-method status="PASS" signature="setup(java.lang.String)[pri:0, instance:online.qastudy.automationpractice.ShopTest@4f7d0008]" name="setup" is-config="true" duration-ms="11279" started-at="2020-06-29T19:21:42 EEST" finished-at="2020-06-29T19:21:53 EEST">
          <params>
            <param index="0">
              <value>
                <![CDATA[firefox]]>
              </value>
            </param>
          </params>
          <reporter-output>
          </reporter-output>
        </test-method> <!-- setup -->
        <test-method status="FAIL" signature="canCheckTotalPriceForTShirt()[pri:0, instance:online.qastudy.automationpractice.ShopTest@4f7d0008]" name="canCheckTotalPriceForTShirt" duration-ms="0" started-at="2020-06-29T19:21:53 EEST" finished-at="2020-06-29T19:21:53 EEST">
          <exception class="java.lang.NullPointerException">
            <full-stacktrace>
              <![CDATA[java.lang.NullPointerException
at org.openqa.selenium.support.pagefactory.DefaultElementLocator.findElement(DefaultElementLocator.java:69)
at org.openqa.selenium.support.pagefactory.internal.LocatingElementHandler.invoke(LocatingElementHandler.java:38)
at com.sun.proxy.$Proxy9.click(Unknown Source)
at online.qastudy.pages.MainPage.clickTShirtTab(MainPage.java:74)
at online.qastudy.automationpractice.ShopTest.canCheckTotalPriceForTShirt(ShopTest.java:21)
at sun.reflect.NativeMethodAccessorImpl.invoke0(Native Method)
at sun.reflect.NativeMethodAccessorImpl.invoke(NativeMethodAccessorImpl.java:62)
at sun.reflect.DelegatingMethodAccessorImpl.invoke(DelegatingMethodAccessorImpl.java:43)
at java.lang.reflect.Method.invoke(Method.java:498)
at org.testng.internal.MethodInvocationHelper.invokeMethod(MethodInvocationHelper.java:131)
at org.testng.internal.Invoker.invokeMethod(Invoker.java:658)
at org.testng.internal.Invoker.invokeTestMethod(Invoker.java:792)
at org.testng.internal.Invoker.invokeTestMethods(Invoker.java:1103)
at org.testng.internal.TestMethodWorker.invokeTestMethods(TestMethodWorker.java:140)
at org.testng.internal.TestMethodWorker.run(TestMethodWorker.java:122)
at java.util.concurrent.ThreadPoolExecutor.runWorker(ThreadPoolExecutor.java:1149)
at java.util.concurrent.ThreadPoolExecutor$Worker.run(ThreadPoolExecutor.java:624)
at java.lang.Thread.run(Thread.java:748)
]]>
            </full-stacktrace>
          </exception> <!-- java.lang.NullPointerException -->
          <reporter-output>
          </reporter-output>
        </test-method> <!-- canCheckTotalPriceForTShirt -->
        <test-method status="PASS" signature="cleanup()[pri:0, instance:online.qastudy.automationpractice.ShopTest@4f7d0008]" name="cleanup" is-config="true" duration-ms="7097" started-at="2020-06-29T19:21:53 EEST" finished-at="2020-06-29T19:22:00 EEST">
          <reporter-output>
          </reporter-output>
        </test-method> <!-- cleanup -->
      </class> <!-- online.qastudy.automationpractice.ShopTest -->
    </test> <!-- FirefoxTest -->
  </suite> <!-- CrossBrowserTest -->
</testng-results>
