<?xml version="1.0" encoding="UTF-8"?>
<!-- Generated by org.testng.reporters.JUnitXMLReporter -->
<testsuite hostname="ymaksymchuk-G6" ignored="0" name="FirefoxTest" tests="4" failures="0" timestamp="2020-09-29T21:20:04 EEST" time="101.71" errors="0">
  <testcase name="canCreateNewAccount" time="10.141" classname="online.qastudy.automationpractice.RegistrationTest"/>
  <testcase name="canCreateNewAccountChain" time="8.236" classname="online.qastudy.automationpractice.RegistrationTest"/>
  <testcase name="canCreateNewAccountChain" time="9.601" classname="online.qastudy.automationpractice.RegistrationTest"/>
  <testcase name="canCreateNewAccountChain" time="7.907" classname="online.qastudy.automationpractice.RegistrationTest"/>
</testsuite> <!-- FirefoxTest -->
