<?xml version="1.0" encoding="UTF-8"?>
<testsuite xmlns:xsi="http://www.w3.org/2001/XMLSchema-instance" xsi:noNamespaceSchemaLocation="https://maven.apache.org/surefire/maven-surefire-plugin/xsd/surefire-test-report.xsd" name="TestSuite" time="90.828" tests="4" errors="0" skipped="0" failures="0">
  <properties>
[...]
</properties>
  <testcase name="canCreateNewAccount" classname="online.qastudy.automationpractice.RegistrationTest" time="9.017"/>
  <testcase name="canCreateNewAccountChain" classname="online.qastudy.automationpractice.RegistrationTest" time="9.465"/>
  <testcase name="canCreateNewAccountChain" classname="online.qastudy.automationpractice.RegistrationTest" time="8.589"/>
  <testcase name="canCreateNewAccountChain" classname="online.qastudy.automationpractice.RegistrationTest" time="8.514"/>
</testsuite>