<?xml version="1.0" encoding="UTF-8"?>
<!-- Generated by org.testng.reporters.JUnitXMLReporter -->
<testsuite hostname="ymaksymchuk-G6" ignored="0" name="ChromeTest" tests="4" failures="0" timestamp="2020-10-08T21:56:40 EEST" time="89.579" errors="0">
  <testcase name="canCreateNewAccount" time="11.467" classname="online.qastudy.automationpractice.RegistrationTest"/>
  <testcase name="canCreateNewAccountChain" time="10.999" classname="online.qastudy.automationpractice.RegistrationTest"/>
  <testcase name="canCreateNewAccountChain" time="7.425" classname="online.qastudy.automationpractice.RegistrationTest"/>
  <testcase name="canCreateNewAccountChain" time="10.569" classname="online.qastudy.automationpractice.RegistrationTest"/>
</testsuite> <!-- ChromeTest -->
