<?xml version="1.0" encoding="UTF-8"?>
<!-- Generated by org.testng.reporters.JUnitXMLReporter -->
<testsuite hostname="DESKTOP-7F87TLR" ignored="0" name="testing" tests="4" failures="0" timestamp="2020-07-06T20:53:53 EEST" time="86.732" errors="0">
  <testcase name="canCreateNewAccount" time="9.015" classname="online.qastudy.automationpractice.RegistrationTest"/>
  <testcase name="canCreateNewAccountChain" time="9.465" classname="online.qastudy.automationpractice.RegistrationTest"/>
  <testcase name="canCreateNewAccountChain" time="8.597" classname="online.qastudy.automationpractice.RegistrationTest"/>
  <testcase name="canCreateNewAccountChain" time="8.513" classname="online.qastudy.automationpractice.RegistrationTest"/>
</testsuite> <!-- testing -->
