<?xml version="1.0" encoding="UTF-8"?>
<!-- Generated by org.testng.reporters.JUnitXMLReporter -->
<testsuite hostname="DESKTOP-7F87TLR" ignored="0" name="ChromeTest" tests="5" failures="0" timestamp="2020-07-06T20:46:00 EEST" time="100.377" errors="0">
  <testcase name="canCheckTotalPriceForTShirt" time="4.771" classname="online.qastudy.automationpractice.ShopTest"/>
  <testcase name="canCreateNewAccount" time="9.061" classname="online.qastudy.automationpractice.RegistrationTest"/>
  <testcase name="canCreateNewAccountChain" time="8.71" classname="online.qastudy.automationpractice.RegistrationTest"/>
  <testcase name="canCreateNewAccountChain" time="9.226" classname="online.qastudy.automationpractice.RegistrationTest"/>
  <testcase name="canCreateNewAccountChain" time="9.337" classname="online.qastudy.automationpractice.RegistrationTest"/>
</testsuite> <!-- ChromeTest -->
