<?xml version="1.0" encoding="UTF-8"?>
<!-- Generated by org.testng.reporters.JUnitXMLReporter -->
<testsuite hostname="DESKTOP-7F87TLR" ignored="0" name="FirefoxTest" tests="4" failures="0" timestamp="2020-07-06T20:47:23 EEST" time="82.648" errors="0">
  <testcase name="canCreateNewAccount" time="7.526" classname="online.qastudy.automationpractice.RegistrationTest"/>
  <testcase name="canCreateNewAccountChain" time="8.434" classname="online.qastudy.automationpractice.RegistrationTest"/>
  <testcase name="canCreateNewAccountChain" time="7.997" classname="online.qastudy.automationpractice.RegistrationTest"/>
  <testcase name="canCreateNewAccountChain" time="8.388" classname="online.qastudy.automationpractice.RegistrationTest"/>
</testsuite> <!-- FirefoxTest -->
